Состояние 51 конфликты: 10 сдвига/вывода
Состояние 69 конфликты: 6 сдвига/вывода
Состояние 70 конфликты: 6 сдвига/вывода
Состояние 71 конфликты: 6 сдвига/вывода
Состояние 72 конфликты: 6 сдвига/вывода
Состояние 74 конфликты: 10 сдвига/вывода
Состояние 75 конфликты: 10 сдвига/вывода
Состояние 76 конфликты: 10 сдвига/вывода
Состояние 77 конфликты: 10 сдвига/вывода
Состояние 78 конфликты: 10 сдвига/вывода
Состояние 79 конфликты: 10 сдвига/вывода


Грамматика

    0 $accept: unit "end of file"

    1 unit: program

    2 program: "class" "identifier" "{" "public" "static" "void" "main" "(" ")" "{" statements "}" "}"

    3 statements: %empty
    4           | statements statement

    5 variable_declaration: simple_type
    6                     | array_type

    7 simple_type: "int" "identifier"

    8 array_type: "int" "[" "]" "identifier"

    9 statement: "assert" "(" exp ")" ";"
   10          | variable_declaration ";"
   11          | "{" statement "}"
   12          | "System.out.println" "(" exp ")" ";"
   13          | assignment ";"

   14 assignment: "identifier" "=" exp
   15           | "identifier" "=" "new" "int" "[" exp "]"
   16           | "identifier" "[" exp "]" "=" exp

   17 exp: exp "+" exp
   18    | exp "-" exp
   19    | exp "*" exp
   20    | exp "/" exp
   21    | exp "&&" exp
   22    | exp "||" exp
   23    | exp "<" exp
   24    | exp ">" exp
   25    | exp "==" exp
   26    | exp "%" exp
   27    | "identifier" "." "length"
   28    | "identifier" "[" exp "]"
   29    | "!" exp
   30    | "(" exp ")"
   31    | "number"
   32    | "identifier"


Терминальные символы с правилами, в которых они появляются

    "end of file" (0) 0
    error (256)
    "=" (258) 14 15 16
    "-" (259) 18
    "+" (260) 17
    "*" (261) 19
    "/" (262) 20
    "(" (263) 2 9 12 30
    ")" (264) 2 9 12 30
    "==" (265) 25
    "&&" (266) 21
    "||" (267) 22
    "%" (268) 26
    "<" (269) 23
    ">" (270) 24
    ";" (271) 9 10 12 13
    "int" (272) 7 8 15
    "assert" (273) 9
    "System.out.println" (274) 12
    "{" (275) 2 11
    "}" (276) 2 11
    "[" (277) 8 15 16 28
    "]" (278) 8 15 16 28
    "class" (279) 2
    "public" (280) 2
    "static" (281) 2
    "void" (282) 2
    "main" (283) 2
    "new" (284) 15
    "." (285) 27
    "length" (286) 27
    "identifier" <std::string> (287) 2 7 8 14 15 16 27 28 32
    "number" <int> (288) 31
    "!" (289) 29


Нетерминальные символы с правилами, в которых они появляются

    $accept (35)
        on left: 0
    exp <int> (36)
        on left: 17 18 19 20 21 22 23 24 25 26 27 28 29 30 31 32
        on right: 9 12 14 15 16 17 18 19 20 21 22 23 24 25 26 28 29 30
    statements <int> (37)
        on left: 3 4
        on right: 2 4
    program <int> (38)
        on left: 2
        on right: 1
    unit (39)
        on left: 1
        on right: 0
    variable_declaration (40)
        on left: 5 6
        on right: 10
    simple_type (41)
        on left: 7
        on right: 5
    array_type (42)
        on left: 8
        on right: 6
    statement (43)
        on left: 9 10 11 12 13
        on right: 4 11
    assignment (44)
        on left: 14 15 16
        on right: 13


Состояние 0

    0 $accept: . unit "end of file"
    1 unit: . program
    2 program: . "class" "identifier" "{" "public" "static" "void" "main" "(" ")" "{" statements "}" "}"

    "class"  сдвиг, и переход в состояние 1

    program  переход в состояние 2
    unit     переход в состояние 3


Состояние 1

    2 program: "class" . "identifier" "{" "public" "static" "void" "main" "(" ")" "{" statements "}" "}"

    "identifier"  сдвиг, и переход в состояние 4


Состояние 2

    1 unit: program .

    $default  вывод с использованием правила 1 (unit)


Состояние 3

    0 $accept: unit . "end of file"

    "end of file"  сдвиг, и переход в состояние 5


Состояние 4

    2 program: "class" "identifier" . "{" "public" "static" "void" "main" "(" ")" "{" statements "}" "}"

    "{"  сдвиг, и переход в состояние 6


Состояние 5

    0 $accept: unit "end of file" .

    $default  принять


Состояние 6

    2 program: "class" "identifier" "{" . "public" "static" "void" "main" "(" ")" "{" statements "}" "}"

    "public"  сдвиг, и переход в состояние 7


Состояние 7

    2 program: "class" "identifier" "{" "public" . "static" "void" "main" "(" ")" "{" statements "}" "}"

    "static"  сдвиг, и переход в состояние 8


Состояние 8

    2 program: "class" "identifier" "{" "public" "static" . "void" "main" "(" ")" "{" statements "}" "}"

    "void"  сдвиг, и переход в состояние 9


Состояние 9

    2 program: "class" "identifier" "{" "public" "static" "void" . "main" "(" ")" "{" statements "}" "}"

    "main"  сдвиг, и переход в состояние 10


Состояние 10

    2 program: "class" "identifier" "{" "public" "static" "void" "main" . "(" ")" "{" statements "}" "}"

    "("  сдвиг, и переход в состояние 11


Состояние 11

    2 program: "class" "identifier" "{" "public" "static" "void" "main" "(" . ")" "{" statements "}" "}"

    ")"  сдвиг, и переход в состояние 12


Состояние 12

    2 program: "class" "identifier" "{" "public" "static" "void" "main" "(" ")" . "{" statements "}" "}"

    "{"  сдвиг, и переход в состояние 13


Состояние 13

    2 program: "class" "identifier" "{" "public" "static" "void" "main" "(" ")" "{" . statements "}" "}"
    3 statements: . %empty
    4           | . statements statement

    $default  вывод с использованием правила 3 (statements)

    statements  переход в состояние 14


Состояние 14

    2 program: "class" "identifier" "{" "public" "static" "void" "main" "(" ")" "{" statements . "}" "}"
    4 statements: statements . statement
    5 variable_declaration: . simple_type
    6                     | . array_type
    7 simple_type: . "int" "identifier"
    8 array_type: . "int" "[" "]" "identifier"
    9 statement: . "assert" "(" exp ")" ";"
   10          | . variable_declaration ";"
   11          | . "{" statement "}"
   12          | . "System.out.println" "(" exp ")" ";"
   13          | . assignment ";"
   14 assignment: . "identifier" "=" exp
   15           | . "identifier" "=" "new" "int" "[" exp "]"
   16           | . "identifier" "[" exp "]" "=" exp

    "int"                 сдвиг, и переход в состояние 15
    "assert"              сдвиг, и переход в состояние 16
    "System.out.println"  сдвиг, и переход в состояние 17
    "{"                   сдвиг, и переход в состояние 18
    "}"                   сдвиг, и переход в состояние 19
    "identifier"          сдвиг, и переход в состояние 20

    variable_declaration  переход в состояние 21
    simple_type           переход в состояние 22
    array_type            переход в состояние 23
    statement             переход в состояние 24
    assignment            переход в состояние 25


Состояние 15

    7 simple_type: "int" . "identifier"
    8 array_type: "int" . "[" "]" "identifier"

    "["           сдвиг, и переход в состояние 26
    "identifier"  сдвиг, и переход в состояние 27


Состояние 16

    9 statement: "assert" . "(" exp ")" ";"

    "("  сдвиг, и переход в состояние 28


Состояние 17

   12 statement: "System.out.println" . "(" exp ")" ";"

    "("  сдвиг, и переход в состояние 29


Состояние 18

    5 variable_declaration: . simple_type
    6                     | . array_type
    7 simple_type: . "int" "identifier"
    8 array_type: . "int" "[" "]" "identifier"
    9 statement: . "assert" "(" exp ")" ";"
   10          | . variable_declaration ";"
   11          | . "{" statement "}"
   11          | "{" . statement "}"
   12          | . "System.out.println" "(" exp ")" ";"
   13          | . assignment ";"
   14 assignment: . "identifier" "=" exp
   15           | . "identifier" "=" "new" "int" "[" exp "]"
   16           | . "identifier" "[" exp "]" "=" exp

    "int"                 сдвиг, и переход в состояние 15
    "assert"              сдвиг, и переход в состояние 16
    "System.out.println"  сдвиг, и переход в состояние 17
    "{"                   сдвиг, и переход в состояние 18
    "identifier"          сдвиг, и переход в состояние 20

    variable_declaration  переход в состояние 21
    simple_type           переход в состояние 22
    array_type            переход в состояние 23
    statement             переход в состояние 30
    assignment            переход в состояние 25


Состояние 19

    2 program: "class" "identifier" "{" "public" "static" "void" "main" "(" ")" "{" statements "}" . "}"

    "}"  сдвиг, и переход в состояние 31


Состояние 20

   14 assignment: "identifier" . "=" exp
   15           | "identifier" . "=" "new" "int" "[" exp "]"
   16           | "identifier" . "[" exp "]" "=" exp

    "="  сдвиг, и переход в состояние 32
    "["  сдвиг, и переход в состояние 33


Состояние 21

   10 statement: variable_declaration . ";"

    ";"  сдвиг, и переход в состояние 34


Состояние 22

    5 variable_declaration: simple_type .

    $default  вывод с использованием правила 5 (variable_declaration)


Состояние 23

    6 variable_declaration: array_type .

    $default  вывод с использованием правила 6 (variable_declaration)


Состояние 24

    4 statements: statements statement .

    $default  вывод с использованием правила 4 (statements)


Состояние 25

   13 statement: assignment . ";"

    ";"  сдвиг, и переход в состояние 35


Состояние 26

    8 array_type: "int" "[" . "]" "identifier"

    "]"  сдвиг, и переход в состояние 36


Состояние 27

    7 simple_type: "int" "identifier" .

    $default  вывод с использованием правила 7 (simple_type)


Состояние 28

    9 statement: "assert" "(" . exp ")" ";"
   17 exp: . exp "+" exp
   18    | . exp "-" exp
   19    | . exp "*" exp
   20    | . exp "/" exp
   21    | . exp "&&" exp
   22    | . exp "||" exp
   23    | . exp "<" exp
   24    | . exp ">" exp
   25    | . exp "==" exp
   26    | . exp "%" exp
   27    | . "identifier" "." "length"
   28    | . "identifier" "[" exp "]"
   29    | . "!" exp
   30    | . "(" exp ")"
   31    | . "number"
   32    | . "identifier"

    "("           сдвиг, и переход в состояние 37
    "identifier"  сдвиг, и переход в состояние 38
    "number"      сдвиг, и переход в состояние 39
    "!"           сдвиг, и переход в состояние 40

    exp  переход в состояние 41


Состояние 29

   12 statement: "System.out.println" "(" . exp ")" ";"
   17 exp: . exp "+" exp
   18    | . exp "-" exp
   19    | . exp "*" exp
   20    | . exp "/" exp
   21    | . exp "&&" exp
   22    | . exp "||" exp
   23    | . exp "<" exp
   24    | . exp ">" exp
   25    | . exp "==" exp
   26    | . exp "%" exp
   27    | . "identifier" "." "length"
   28    | . "identifier" "[" exp "]"
   29    | . "!" exp
   30    | . "(" exp ")"
   31    | . "number"
   32    | . "identifier"

    "("           сдвиг, и переход в состояние 37
    "identifier"  сдвиг, и переход в состояние 38
    "number"      сдвиг, и переход в состояние 39
    "!"           сдвиг, и переход в состояние 40

    exp  переход в состояние 42


Состояние 30

   11 statement: "{" statement . "}"

    "}"  сдвиг, и переход в состояние 43


Состояние 31

    2 program: "class" "identifier" "{" "public" "static" "void" "main" "(" ")" "{" statements "}" "}" .

    $default  вывод с использованием правила 2 (program)


Состояние 32

   14 assignment: "identifier" "=" . exp
   15           | "identifier" "=" . "new" "int" "[" exp "]"
   17 exp: . exp "+" exp
   18    | . exp "-" exp
   19    | . exp "*" exp
   20    | . exp "/" exp
   21    | . exp "&&" exp
   22    | . exp "||" exp
   23    | . exp "<" exp
   24    | . exp ">" exp
   25    | . exp "==" exp
   26    | . exp "%" exp
   27    | . "identifier" "." "length"
   28    | . "identifier" "[" exp "]"
   29    | . "!" exp
   30    | . "(" exp ")"
   31    | . "number"
   32    | . "identifier"

    "("           сдвиг, и переход в состояние 37
    "new"         сдвиг, и переход в состояние 44
    "identifier"  сдвиг, и переход в состояние 38
    "number"      сдвиг, и переход в состояние 39
    "!"           сдвиг, и переход в состояние 40

    exp  переход в состояние 45


Состояние 33

   16 assignment: "identifier" "[" . exp "]" "=" exp
   17 exp: . exp "+" exp
   18    | . exp "-" exp
   19    | . exp "*" exp
   20    | . exp "/" exp
   21    | . exp "&&" exp
   22    | . exp "||" exp
   23    | . exp "<" exp
   24    | . exp ">" exp
   25    | . exp "==" exp
   26    | . exp "%" exp
   27    | . "identifier" "." "length"
   28    | . "identifier" "[" exp "]"
   29    | . "!" exp
   30    | . "(" exp ")"
   31    | . "number"
   32    | . "identifier"

    "("           сдвиг, и переход в состояние 37
    "identifier"  сдвиг, и переход в состояние 38
    "number"      сдвиг, и переход в состояние 39
    "!"           сдвиг, и переход в состояние 40

    exp  переход в состояние 46


Состояние 34

   10 statement: variable_declaration ";" .

    $default  вывод с использованием правила 10 (statement)


Состояние 35

   13 statement: assignment ";" .

    $default  вывод с использованием правила 13 (statement)


Состояние 36

    8 array_type: "int" "[" "]" . "identifier"

    "identifier"  сдвиг, и переход в состояние 47


Состояние 37

   17 exp: . exp "+" exp
   18    | . exp "-" exp
   19    | . exp "*" exp
   20    | . exp "/" exp
   21    | . exp "&&" exp
   22    | . exp "||" exp
   23    | . exp "<" exp
   24    | . exp ">" exp
   25    | . exp "==" exp
   26    | . exp "%" exp
   27    | . "identifier" "." "length"
   28    | . "identifier" "[" exp "]"
   29    | . "!" exp
   30    | . "(" exp ")"
   30    | "(" . exp ")"
   31    | . "number"
   32    | . "identifier"

    "("           сдвиг, и переход в состояние 37
    "identifier"  сдвиг, и переход в состояние 38
    "number"      сдвиг, и переход в состояние 39
    "!"           сдвиг, и переход в состояние 40

    exp  переход в состояние 48


Состояние 38

   27 exp: "identifier" . "." "length"
   28    | "identifier" . "[" exp "]"
   32    | "identifier" .  ["-", "+", "*", "/", ")", "==", "&&", "||", "%", "<", ">", ";", "]"]

    "["  сдвиг, и переход в состояние 49
    "."  сдвиг, и переход в состояние 50

    $default  вывод с использованием правила 32 (exp)


Состояние 39

   31 exp: "number" .

    $default  вывод с использованием правила 31 (exp)


Состояние 40

   17 exp: . exp "+" exp
   18    | . exp "-" exp
   19    | . exp "*" exp
   20    | . exp "/" exp
   21    | . exp "&&" exp
   22    | . exp "||" exp
   23    | . exp "<" exp
   24    | . exp ">" exp
   25    | . exp "==" exp
   26    | . exp "%" exp
   27    | . "identifier" "." "length"
   28    | . "identifier" "[" exp "]"
   29    | . "!" exp
   29    | "!" . exp
   30    | . "(" exp ")"
   31    | . "number"
   32    | . "identifier"

    "("           сдвиг, и переход в состояние 37
    "identifier"  сдвиг, и переход в состояние 38
    "number"      сдвиг, и переход в состояние 39
    "!"           сдвиг, и переход в состояние 40

    exp  переход в состояние 51


Состояние 41

    9 statement: "assert" "(" exp . ")" ";"
   17 exp: exp . "+" exp
   18    | exp . "-" exp
   19    | exp . "*" exp
   20    | exp . "/" exp
   21    | exp . "&&" exp
   22    | exp . "||" exp
   23    | exp . "<" exp
   24    | exp . ">" exp
   25    | exp . "==" exp
   26    | exp . "%" exp

    "-"   сдвиг, и переход в состояние 52
    "+"   сдвиг, и переход в состояние 53
    "*"   сдвиг, и переход в состояние 54
    "/"   сдвиг, и переход в состояние 55
    ")"   сдвиг, и переход в состояние 56
    "=="  сдвиг, и переход в состояние 57
    "&&"  сдвиг, и переход в состояние 58
    "||"  сдвиг, и переход в состояние 59
    "%"   сдвиг, и переход в состояние 60
    "<"   сдвиг, и переход в состояние 61
    ">"   сдвиг, и переход в состояние 62


Состояние 42

   12 statement: "System.out.println" "(" exp . ")" ";"
   17 exp: exp . "+" exp
   18    | exp . "-" exp
   19    | exp . "*" exp
   20    | exp . "/" exp
   21    | exp . "&&" exp
   22    | exp . "||" exp
   23    | exp . "<" exp
   24    | exp . ">" exp
   25    | exp . "==" exp
   26    | exp . "%" exp

    "-"   сдвиг, и переход в состояние 52
    "+"   сдвиг, и переход в состояние 53
    "*"   сдвиг, и переход в состояние 54
    "/"   сдвиг, и переход в состояние 55
    ")"   сдвиг, и переход в состояние 63
    "=="  сдвиг, и переход в состояние 57
    "&&"  сдвиг, и переход в состояние 58
    "||"  сдвиг, и переход в состояние 59
    "%"   сдвиг, и переход в состояние 60
    "<"   сдвиг, и переход в состояние 61
    ">"   сдвиг, и переход в состояние 62


Состояние 43

   11 statement: "{" statement "}" .

    $default  вывод с использованием правила 11 (statement)


Состояние 44

   15 assignment: "identifier" "=" "new" . "int" "[" exp "]"

    "int"  сдвиг, и переход в состояние 64


Состояние 45

   14 assignment: "identifier" "=" exp .  [";"]
   17 exp: exp . "+" exp
   18    | exp . "-" exp
   19    | exp . "*" exp
   20    | exp . "/" exp
   21    | exp . "&&" exp
   22    | exp . "||" exp
   23    | exp . "<" exp
   24    | exp . ">" exp
   25    | exp . "==" exp
   26    | exp . "%" exp

    "-"   сдвиг, и переход в состояние 52
    "+"   сдвиг, и переход в состояние 53
    "*"   сдвиг, и переход в состояние 54
    "/"   сдвиг, и переход в состояние 55
    "=="  сдвиг, и переход в состояние 57
    "&&"  сдвиг, и переход в состояние 58
    "||"  сдвиг, и переход в состояние 59
    "%"   сдвиг, и переход в состояние 60
    "<"   сдвиг, и переход в состояние 61
    ">"   сдвиг, и переход в состояние 62

    $default  вывод с использованием правила 14 (assignment)


Состояние 46

   16 assignment: "identifier" "[" exp . "]" "=" exp
   17 exp: exp . "+" exp
   18    | exp . "-" exp
   19    | exp . "*" exp
   20    | exp . "/" exp
   21    | exp . "&&" exp
   22    | exp . "||" exp
   23    | exp . "<" exp
   24    | exp . ">" exp
   25    | exp . "==" exp
   26    | exp . "%" exp

    "-"   сдвиг, и переход в состояние 52
    "+"   сдвиг, и переход в состояние 53
    "*"   сдвиг, и переход в состояние 54
    "/"   сдвиг, и переход в состояние 55
    "=="  сдвиг, и переход в состояние 57
    "&&"  сдвиг, и переход в состояние 58
    "||"  сдвиг, и переход в состояние 59
    "%"   сдвиг, и переход в состояние 60
    "<"   сдвиг, и переход в состояние 61
    ">"   сдвиг, и переход в состояние 62
    "]"   сдвиг, и переход в состояние 65


Состояние 47

    8 array_type: "int" "[" "]" "identifier" .

    $default  вывод с использованием правила 8 (array_type)


Состояние 48

   17 exp: exp . "+" exp
   18    | exp . "-" exp
   19    | exp . "*" exp
   20    | exp . "/" exp
   21    | exp . "&&" exp
   22    | exp . "||" exp
   23    | exp . "<" exp
   24    | exp . ">" exp
   25    | exp . "==" exp
   26    | exp . "%" exp
   30    | "(" exp . ")"

    "-"   сдвиг, и переход в состояние 52
    "+"   сдвиг, и переход в состояние 53
    "*"   сдвиг, и переход в состояние 54
    "/"   сдвиг, и переход в состояние 55
    ")"   сдвиг, и переход в состояние 66
    "=="  сдвиг, и переход в состояние 57
    "&&"  сдвиг, и переход в состояние 58
    "||"  сдвиг, и переход в состояние 59
    "%"   сдвиг, и переход в состояние 60
    "<"   сдвиг, и переход в состояние 61
    ">"   сдвиг, и переход в состояние 62


Состояние 49

   17 exp: . exp "+" exp
   18    | . exp "-" exp
   19    | . exp "*" exp
   20    | . exp "/" exp
   21    | . exp "&&" exp
   22    | . exp "||" exp
   23    | . exp "<" exp
   24    | . exp ">" exp
   25    | . exp "==" exp
   26    | . exp "%" exp
   27    | . "identifier" "." "length"
   28    | . "identifier" "[" exp "]"
   28    | "identifier" "[" . exp "]"
   29    | . "!" exp
   30    | . "(" exp ")"
   31    | . "number"
   32    | . "identifier"

    "("           сдвиг, и переход в состояние 37
    "identifier"  сдвиг, и переход в состояние 38
    "number"      сдвиг, и переход в состояние 39
    "!"           сдвиг, и переход в состояние 40

    exp  переход в состояние 67


Состояние 50

   27 exp: "identifier" "." . "length"

    "length"  сдвиг, и переход в состояние 68


Состояние 51

   17 exp: exp . "+" exp
   18    | exp . "-" exp
   19    | exp . "*" exp
   20    | exp . "/" exp
   21    | exp . "&&" exp
   22    | exp . "||" exp
   23    | exp . "<" exp
   24    | exp . ">" exp
   25    | exp . "==" exp
   26    | exp . "%" exp
   29    | "!" exp .  ["-", "+", "*", "/", ")", "==", "&&", "||", "%", "<", ">", ";", "]"]

    "-"   сдвиг, и переход в состояние 52
    "+"   сдвиг, и переход в состояние 53
    "*"   сдвиг, и переход в состояние 54
    "/"   сдвиг, и переход в состояние 55
    "=="  сдвиг, и переход в состояние 57
    "&&"  сдвиг, и переход в состояние 58
    "||"  сдвиг, и переход в состояние 59
    "%"   сдвиг, и переход в состояние 60
    "<"   сдвиг, и переход в состояние 61
    ">"   сдвиг, и переход в состояние 62

    "-"       [вывод с использованием правила 29 (exp)]
    "+"       [вывод с использованием правила 29 (exp)]
    "*"       [вывод с использованием правила 29 (exp)]
    "/"       [вывод с использованием правила 29 (exp)]
    "=="      [вывод с использованием правила 29 (exp)]
    "&&"      [вывод с использованием правила 29 (exp)]
    "||"      [вывод с использованием правила 29 (exp)]
    "%"       [вывод с использованием правила 29 (exp)]
    "<"       [вывод с использованием правила 29 (exp)]
    ">"       [вывод с использованием правила 29 (exp)]
    $default  вывод с использованием правила 29 (exp)


Состояние 52

   17 exp: . exp "+" exp
   18    | . exp "-" exp
   18    | exp "-" . exp
   19    | . exp "*" exp
   20    | . exp "/" exp
   21    | . exp "&&" exp
   22    | . exp "||" exp
   23    | . exp "<" exp
   24    | . exp ">" exp
   25    | . exp "==" exp
   26    | . exp "%" exp
   27    | . "identifier" "." "length"
   28    | . "identifier" "[" exp "]"
   29    | . "!" exp
   30    | . "(" exp ")"
   31    | . "number"
   32    | . "identifier"

    "("           сдвиг, и переход в состояние 37
    "identifier"  сдвиг, и переход в состояние 38
    "number"      сдвиг, и переход в состояние 39
    "!"           сдвиг, и переход в состояние 40

    exp  переход в состояние 69


Состояние 53

   17 exp: . exp "+" exp
   17    | exp "+" . exp
   18    | . exp "-" exp
   19    | . exp "*" exp
   20    | . exp "/" exp
   21    | . exp "&&" exp
   22    | . exp "||" exp
   23    | . exp "<" exp
   24    | . exp ">" exp
   25    | . exp "==" exp
   26    | . exp "%" exp
   27    | . "identifier" "." "length"
   28    | . "identifier" "[" exp "]"
   29    | . "!" exp
   30    | . "(" exp ")"
   31    | . "number"
   32    | . "identifier"

    "("           сдвиг, и переход в состояние 37
    "identifier"  сдвиг, и переход в состояние 38
    "number"      сдвиг, и переход в состояние 39
    "!"           сдвиг, и переход в состояние 40

    exp  переход в состояние 70


Состояние 54

   17 exp: . exp "+" exp
   18    | . exp "-" exp
   19    | . exp "*" exp
   19    | exp "*" . exp
   20    | . exp "/" exp
   21    | . exp "&&" exp
   22    | . exp "||" exp
   23    | . exp "<" exp
   24    | . exp ">" exp
   25    | . exp "==" exp
   26    | . exp "%" exp
   27    | . "identifier" "." "length"
   28    | . "identifier" "[" exp "]"
   29    | . "!" exp
   30    | . "(" exp ")"
   31    | . "number"
   32    | . "identifier"

    "("           сдвиг, и переход в состояние 37
    "identifier"  сдвиг, и переход в состояние 38
    "number"      сдвиг, и переход в состояние 39
    "!"           сдвиг, и переход в состояние 40

    exp  переход в состояние 71


Состояние 55

   17 exp: . exp "+" exp
   18    | . exp "-" exp
   19    | . exp "*" exp
   20    | . exp "/" exp
   20    | exp "/" . exp
   21    | . exp "&&" exp
   22    | . exp "||" exp
   23    | . exp "<" exp
   24    | . exp ">" exp
   25    | . exp "==" exp
   26    | . exp "%" exp
   27    | . "identifier" "." "length"
   28    | . "identifier" "[" exp "]"
   29    | . "!" exp
   30    | . "(" exp ")"
   31    | . "number"
   32    | . "identifier"

    "("           сдвиг, и переход в состояние 37
    "identifier"  сдвиг, и переход в состояние 38
    "number"      сдвиг, и переход в состояние 39
    "!"           сдвиг, и переход в состояние 40

    exp  переход в состояние 72


Состояние 56

    9 statement: "assert" "(" exp ")" . ";"

    ";"  сдвиг, и переход в состояние 73


Состояние 57

   17 exp: . exp "+" exp
   18    | . exp "-" exp
   19    | . exp "*" exp
   20    | . exp "/" exp
   21    | . exp "&&" exp
   22    | . exp "||" exp
   23    | . exp "<" exp
   24    | . exp ">" exp
   25    | . exp "==" exp
   25    | exp "==" . exp
   26    | . exp "%" exp
   27    | . "identifier" "." "length"
   28    | . "identifier" "[" exp "]"
   29    | . "!" exp
   30    | . "(" exp ")"
   31    | . "number"
   32    | . "identifier"

    "("           сдвиг, и переход в состояние 37
    "identifier"  сдвиг, и переход в состояние 38
    "number"      сдвиг, и переход в состояние 39
    "!"           сдвиг, и переход в состояние 40

    exp  переход в состояние 74


Состояние 58

   17 exp: . exp "+" exp
   18    | . exp "-" exp
   19    | . exp "*" exp
   20    | . exp "/" exp
   21    | . exp "&&" exp
   21    | exp "&&" . exp
   22    | . exp "||" exp
   23    | . exp "<" exp
   24    | . exp ">" exp
   25    | . exp "==" exp
   26    | . exp "%" exp
   27    | . "identifier" "." "length"
   28    | . "identifier" "[" exp "]"
   29    | . "!" exp
   30    | . "(" exp ")"
   31    | . "number"
   32    | . "identifier"

    "("           сдвиг, и переход в состояние 37
    "identifier"  сдвиг, и переход в состояние 38
    "number"      сдвиг, и переход в состояние 39
    "!"           сдвиг, и переход в состояние 40

    exp  переход в состояние 75


Состояние 59

   17 exp: . exp "+" exp
   18    | . exp "-" exp
   19    | . exp "*" exp
   20    | . exp "/" exp
   21    | . exp "&&" exp
   22    | . exp "||" exp
   22    | exp "||" . exp
   23    | . exp "<" exp
   24    | . exp ">" exp
   25    | . exp "==" exp
   26    | . exp "%" exp
   27    | . "identifier" "." "length"
   28    | . "identifier" "[" exp "]"
   29    | . "!" exp
   30    | . "(" exp ")"
   31    | . "number"
   32    | . "identifier"

    "("           сдвиг, и переход в состояние 37
    "identifier"  сдвиг, и переход в состояние 38
    "number"      сдвиг, и переход в состояние 39
    "!"           сдвиг, и переход в состояние 40

    exp  переход в состояние 76


Состояние 60

   17 exp: . exp "+" exp
   18    | . exp "-" exp
   19    | . exp "*" exp
   20    | . exp "/" exp
   21    | . exp "&&" exp
   22    | . exp "||" exp
   23    | . exp "<" exp
   24    | . exp ">" exp
   25    | . exp "==" exp
   26    | . exp "%" exp
   26    | exp "%" . exp
   27    | . "identifier" "." "length"
   28    | . "identifier" "[" exp "]"
   29    | . "!" exp
   30    | . "(" exp ")"
   31    | . "number"
   32    | . "identifier"

    "("           сдвиг, и переход в состояние 37
    "identifier"  сдвиг, и переход в состояние 38
    "number"      сдвиг, и переход в состояние 39
    "!"           сдвиг, и переход в состояние 40

    exp  переход в состояние 77


Состояние 61

   17 exp: . exp "+" exp
   18    | . exp "-" exp
   19    | . exp "*" exp
   20    | . exp "/" exp
   21    | . exp "&&" exp
   22    | . exp "||" exp
   23    | . exp "<" exp
   23    | exp "<" . exp
   24    | . exp ">" exp
   25    | . exp "==" exp
   26    | . exp "%" exp
   27    | . "identifier" "." "length"
   28    | . "identifier" "[" exp "]"
   29    | . "!" exp
   30    | . "(" exp ")"
   31    | . "number"
   32    | . "identifier"

    "("           сдвиг, и переход в состояние 37
    "identifier"  сдвиг, и переход в состояние 38
    "number"      сдвиг, и переход в состояние 39
    "!"           сдвиг, и переход в состояние 40

    exp  переход в состояние 78


Состояние 62

   17 exp: . exp "+" exp
   18    | . exp "-" exp
   19    | . exp "*" exp
   20    | . exp "/" exp
   21    | . exp "&&" exp
   22    | . exp "||" exp
   23    | . exp "<" exp
   24    | . exp ">" exp
   24    | exp ">" . exp
   25    | . exp "==" exp
   26    | . exp "%" exp
   27    | . "identifier" "." "length"
   28    | . "identifier" "[" exp "]"
   29    | . "!" exp
   30    | . "(" exp ")"
   31    | . "number"
   32    | . "identifier"

    "("           сдвиг, и переход в состояние 37
    "identifier"  сдвиг, и переход в состояние 38
    "number"      сдвиг, и переход в состояние 39
    "!"           сдвиг, и переход в состояние 40

    exp  переход в состояние 79


Состояние 63

   12 statement: "System.out.println" "(" exp ")" . ";"

    ";"  сдвиг, и переход в состояние 80


Состояние 64

   15 assignment: "identifier" "=" "new" "int" . "[" exp "]"

    "["  сдвиг, и переход в состояние 81


Состояние 65

   16 assignment: "identifier" "[" exp "]" . "=" exp

    "="  сдвиг, и переход в состояние 82


Состояние 66

   30 exp: "(" exp ")" .

    $default  вывод с использованием правила 30 (exp)


Состояние 67

   17 exp: exp . "+" exp
   18    | exp . "-" exp
   19    | exp . "*" exp
   20    | exp . "/" exp
   21    | exp . "&&" exp
   22    | exp . "||" exp
   23    | exp . "<" exp
   24    | exp . ">" exp
   25    | exp . "==" exp
   26    | exp . "%" exp
   28    | "identifier" "[" exp . "]"

    "-"   сдвиг, и переход в состояние 52
    "+"   сдвиг, и переход в состояние 53
    "*"   сдвиг, и переход в состояние 54
    "/"   сдвиг, и переход в состояние 55
    "=="  сдвиг, и переход в состояние 57
    "&&"  сдвиг, и переход в состояние 58
    "||"  сдвиг, и переход в состояние 59
    "%"   сдвиг, и переход в состояние 60
    "<"   сдвиг, и переход в состояние 61
    ">"   сдвиг, и переход в состояние 62
    "]"   сдвиг, и переход в состояние 83


Состояние 68

   27 exp: "identifier" "." "length" .

    $default  вывод с использованием правила 27 (exp)


Состояние 69

   17 exp: exp . "+" exp
   18    | exp . "-" exp
   18    | exp "-" exp .  ["-", "+", ")", "==", "&&", "||", "%", "<", ">", ";", "]"]
   19    | exp . "*" exp
   20    | exp . "/" exp
   21    | exp . "&&" exp
   22    | exp . "||" exp
   23    | exp . "<" exp
   24    | exp . ">" exp
   25    | exp . "==" exp
   26    | exp . "%" exp

    "*"   сдвиг, и переход в состояние 54
    "/"   сдвиг, и переход в состояние 55
    "=="  сдвиг, и переход в состояние 57
    "&&"  сдвиг, и переход в состояние 58
    "||"  сдвиг, и переход в состояние 59
    "%"   сдвиг, и переход в состояние 60
    "<"   сдвиг, и переход в состояние 61
    ">"   сдвиг, и переход в состояние 62

    "=="      [вывод с использованием правила 18 (exp)]
    "&&"      [вывод с использованием правила 18 (exp)]
    "||"      [вывод с использованием правила 18 (exp)]
    "%"       [вывод с использованием правила 18 (exp)]
    "<"       [вывод с использованием правила 18 (exp)]
    ">"       [вывод с использованием правила 18 (exp)]
    $default  вывод с использованием правила 18 (exp)

    Conflict between rule 18 and token "-" resolved as reduce (%left "-").
    Conflict between rule 18 and token "+" resolved as reduce (%left "+").
    Conflict between rule 18 and token "*" resolved as shift ("-" < "*").
    Conflict between rule 18 and token "/" resolved as shift ("-" < "/").


Состояние 70

   17 exp: exp . "+" exp
   17    | exp "+" exp .  ["-", "+", ")", "==", "&&", "||", "%", "<", ">", ";", "]"]
   18    | exp . "-" exp
   19    | exp . "*" exp
   20    | exp . "/" exp
   21    | exp . "&&" exp
   22    | exp . "||" exp
   23    | exp . "<" exp
   24    | exp . ">" exp
   25    | exp . "==" exp
   26    | exp . "%" exp

    "*"   сдвиг, и переход в состояние 54
    "/"   сдвиг, и переход в состояние 55
    "=="  сдвиг, и переход в состояние 57
    "&&"  сдвиг, и переход в состояние 58
    "||"  сдвиг, и переход в состояние 59
    "%"   сдвиг, и переход в состояние 60
    "<"   сдвиг, и переход в состояние 61
    ">"   сдвиг, и переход в состояние 62

    "=="      [вывод с использованием правила 17 (exp)]
    "&&"      [вывод с использованием правила 17 (exp)]
    "||"      [вывод с использованием правила 17 (exp)]
    "%"       [вывод с использованием правила 17 (exp)]
    "<"       [вывод с использованием правила 17 (exp)]
    ">"       [вывод с использованием правила 17 (exp)]
    $default  вывод с использованием правила 17 (exp)

    Conflict between rule 17 and token "-" resolved as reduce (%left "-").
    Conflict between rule 17 and token "+" resolved as reduce (%left "+").
    Conflict between rule 17 and token "*" resolved as shift ("+" < "*").
    Conflict between rule 17 and token "/" resolved as shift ("+" < "/").


Состояние 71

   17 exp: exp . "+" exp
   18    | exp . "-" exp
   19    | exp . "*" exp
   19    | exp "*" exp .  ["-", "+", "*", "/", ")", "==", "&&", "||", "%", "<", ">", ";", "]"]
   20    | exp . "/" exp
   21    | exp . "&&" exp
   22    | exp . "||" exp
   23    | exp . "<" exp
   24    | exp . ">" exp
   25    | exp . "==" exp
   26    | exp . "%" exp

    "=="  сдвиг, и переход в состояние 57
    "&&"  сдвиг, и переход в состояние 58
    "||"  сдвиг, и переход в состояние 59
    "%"   сдвиг, и переход в состояние 60
    "<"   сдвиг, и переход в состояние 61
    ">"   сдвиг, и переход в состояние 62

    "=="      [вывод с использованием правила 19 (exp)]
    "&&"      [вывод с использованием правила 19 (exp)]
    "||"      [вывод с использованием правила 19 (exp)]
    "%"       [вывод с использованием правила 19 (exp)]
    "<"       [вывод с использованием правила 19 (exp)]
    ">"       [вывод с использованием правила 19 (exp)]
    $default  вывод с использованием правила 19 (exp)

    Conflict between rule 19 and token "-" resolved as reduce ("-" < "*").
    Conflict between rule 19 and token "+" resolved as reduce ("+" < "*").
    Conflict between rule 19 and token "*" resolved as reduce (%left "*").
    Conflict between rule 19 and token "/" resolved as reduce (%left "/").


Состояние 72

   17 exp: exp . "+" exp
   18    | exp . "-" exp
   19    | exp . "*" exp
   20    | exp . "/" exp
   20    | exp "/" exp .  ["-", "+", "*", "/", ")", "==", "&&", "||", "%", "<", ">", ";", "]"]
   21    | exp . "&&" exp
   22    | exp . "||" exp
   23    | exp . "<" exp
   24    | exp . ">" exp
   25    | exp . "==" exp
   26    | exp . "%" exp

    "=="  сдвиг, и переход в состояние 57
    "&&"  сдвиг, и переход в состояние 58
    "||"  сдвиг, и переход в состояние 59
    "%"   сдвиг, и переход в состояние 60
    "<"   сдвиг, и переход в состояние 61
    ">"   сдвиг, и переход в состояние 62

    "=="      [вывод с использованием правила 20 (exp)]
    "&&"      [вывод с использованием правила 20 (exp)]
    "||"      [вывод с использованием правила 20 (exp)]
    "%"       [вывод с использованием правила 20 (exp)]
    "<"       [вывод с использованием правила 20 (exp)]
    ">"       [вывод с использованием правила 20 (exp)]
    $default  вывод с использованием правила 20 (exp)

    Conflict between rule 20 and token "-" resolved as reduce ("-" < "/").
    Conflict between rule 20 and token "+" resolved as reduce ("+" < "/").
    Conflict between rule 20 and token "*" resolved as reduce (%left "*").
    Conflict between rule 20 and token "/" resolved as reduce (%left "/").


Состояние 73

    9 statement: "assert" "(" exp ")" ";" .

    $default  вывод с использованием правила 9 (statement)


Состояние 74

   17 exp: exp . "+" exp
   18    | exp . "-" exp
   19    | exp . "*" exp
   20    | exp . "/" exp
   21    | exp . "&&" exp
   22    | exp . "||" exp
   23    | exp . "<" exp
   24    | exp . ">" exp
   25    | exp . "==" exp
   25    | exp "==" exp .  ["-", "+", "*", "/", ")", "==", "&&", "||", "%", "<", ">", ";", "]"]
   26    | exp . "%" exp

    "-"   сдвиг, и переход в состояние 52
    "+"   сдвиг, и переход в состояние 53
    "*"   сдвиг, и переход в состояние 54
    "/"   сдвиг, и переход в состояние 55
    "=="  сдвиг, и переход в состояние 57
    "&&"  сдвиг, и переход в состояние 58
    "||"  сдвиг, и переход в состояние 59
    "%"   сдвиг, и переход в состояние 60
    "<"   сдвиг, и переход в состояние 61
    ">"   сдвиг, и переход в состояние 62

    "-"       [вывод с использованием правила 25 (exp)]
    "+"       [вывод с использованием правила 25 (exp)]
    "*"       [вывод с использованием правила 25 (exp)]
    "/"       [вывод с использованием правила 25 (exp)]
    "=="      [вывод с использованием правила 25 (exp)]
    "&&"      [вывод с использованием правила 25 (exp)]
    "||"      [вывод с использованием правила 25 (exp)]
    "%"       [вывод с использованием правила 25 (exp)]
    "<"       [вывод с использованием правила 25 (exp)]
    ">"       [вывод с использованием правила 25 (exp)]
    $default  вывод с использованием правила 25 (exp)


Состояние 75

   17 exp: exp . "+" exp
   18    | exp . "-" exp
   19    | exp . "*" exp
   20    | exp . "/" exp
   21    | exp . "&&" exp
   21    | exp "&&" exp .  ["-", "+", "*", "/", ")", "==", "&&", "||", "%", "<", ">", ";", "]"]
   22    | exp . "||" exp
   23    | exp . "<" exp
   24    | exp . ">" exp
   25    | exp . "==" exp
   26    | exp . "%" exp

    "-"   сдвиг, и переход в состояние 52
    "+"   сдвиг, и переход в состояние 53
    "*"   сдвиг, и переход в состояние 54
    "/"   сдвиг, и переход в состояние 55
    "=="  сдвиг, и переход в состояние 57
    "&&"  сдвиг, и переход в состояние 58
    "||"  сдвиг, и переход в состояние 59
    "%"   сдвиг, и переход в состояние 60
    "<"   сдвиг, и переход в состояние 61
    ">"   сдвиг, и переход в состояние 62

    "-"       [вывод с использованием правила 21 (exp)]
    "+"       [вывод с использованием правила 21 (exp)]
    "*"       [вывод с использованием правила 21 (exp)]
    "/"       [вывод с использованием правила 21 (exp)]
    "=="      [вывод с использованием правила 21 (exp)]
    "&&"      [вывод с использованием правила 21 (exp)]
    "||"      [вывод с использованием правила 21 (exp)]
    "%"       [вывод с использованием правила 21 (exp)]
    "<"       [вывод с использованием правила 21 (exp)]
    ">"       [вывод с использованием правила 21 (exp)]
    $default  вывод с использованием правила 21 (exp)


Состояние 76

   17 exp: exp . "+" exp
   18    | exp . "-" exp
   19    | exp . "*" exp
   20    | exp . "/" exp
   21    | exp . "&&" exp
   22    | exp . "||" exp
   22    | exp "||" exp .  ["-", "+", "*", "/", ")", "==", "&&", "||", "%", "<", ">", ";", "]"]
   23    | exp . "<" exp
   24    | exp . ">" exp
   25    | exp . "==" exp
   26    | exp . "%" exp

    "-"   сдвиг, и переход в состояние 52
    "+"   сдвиг, и переход в состояние 53
    "*"   сдвиг, и переход в состояние 54
    "/"   сдвиг, и переход в состояние 55
    "=="  сдвиг, и переход в состояние 57
    "&&"  сдвиг, и переход в состояние 58
    "||"  сдвиг, и переход в состояние 59
    "%"   сдвиг, и переход в состояние 60
    "<"   сдвиг, и переход в состояние 61
    ">"   сдвиг, и переход в состояние 62

    "-"       [вывод с использованием правила 22 (exp)]
    "+"       [вывод с использованием правила 22 (exp)]
    "*"       [вывод с использованием правила 22 (exp)]
    "/"       [вывод с использованием правила 22 (exp)]
    "=="      [вывод с использованием правила 22 (exp)]
    "&&"      [вывод с использованием правила 22 (exp)]
    "||"      [вывод с использованием правила 22 (exp)]
    "%"       [вывод с использованием правила 22 (exp)]
    "<"       [вывод с использованием правила 22 (exp)]
    ">"       [вывод с использованием правила 22 (exp)]
    $default  вывод с использованием правила 22 (exp)


Состояние 77

   17 exp: exp . "+" exp
   18    | exp . "-" exp
   19    | exp . "*" exp
   20    | exp . "/" exp
   21    | exp . "&&" exp
   22    | exp . "||" exp
   23    | exp . "<" exp
   24    | exp . ">" exp
   25    | exp . "==" exp
   26    | exp . "%" exp
   26    | exp "%" exp .  ["-", "+", "*", "/", ")", "==", "&&", "||", "%", "<", ">", ";", "]"]

    "-"   сдвиг, и переход в состояние 52
    "+"   сдвиг, и переход в состояние 53
    "*"   сдвиг, и переход в состояние 54
    "/"   сдвиг, и переход в состояние 55
    "=="  сдвиг, и переход в состояние 57
    "&&"  сдвиг, и переход в состояние 58
    "||"  сдвиг, и переход в состояние 59
    "%"   сдвиг, и переход в состояние 60
    "<"   сдвиг, и переход в состояние 61
    ">"   сдвиг, и переход в состояние 62

    "-"       [вывод с использованием правила 26 (exp)]
    "+"       [вывод с использованием правила 26 (exp)]
    "*"       [вывод с использованием правила 26 (exp)]
    "/"       [вывод с использованием правила 26 (exp)]
    "=="      [вывод с использованием правила 26 (exp)]
    "&&"      [вывод с использованием правила 26 (exp)]
    "||"      [вывод с использованием правила 26 (exp)]
    "%"       [вывод с использованием правила 26 (exp)]
    "<"       [вывод с использованием правила 26 (exp)]
    ">"       [вывод с использованием правила 26 (exp)]
    $default  вывод с использованием правила 26 (exp)


Состояние 78

   17 exp: exp . "+" exp
   18    | exp . "-" exp
   19    | exp . "*" exp
   20    | exp . "/" exp
   21    | exp . "&&" exp
   22    | exp . "||" exp
   23    | exp . "<" exp
   23    | exp "<" exp .  ["-", "+", "*", "/", ")", "==", "&&", "||", "%", "<", ">", ";", "]"]
   24    | exp . ">" exp
   25    | exp . "==" exp
   26    | exp . "%" exp

    "-"   сдвиг, и переход в состояние 52
    "+"   сдвиг, и переход в состояние 53
    "*"   сдвиг, и переход в состояние 54
    "/"   сдвиг, и переход в состояние 55
    "=="  сдвиг, и переход в состояние 57
    "&&"  сдвиг, и переход в состояние 58
    "||"  сдвиг, и переход в состояние 59
    "%"   сдвиг, и переход в состояние 60
    "<"   сдвиг, и переход в состояние 61
    ">"   сдвиг, и переход в состояние 62

    "-"       [вывод с использованием правила 23 (exp)]
    "+"       [вывод с использованием правила 23 (exp)]
    "*"       [вывод с использованием правила 23 (exp)]
    "/"       [вывод с использованием правила 23 (exp)]
    "=="      [вывод с использованием правила 23 (exp)]
    "&&"      [вывод с использованием правила 23 (exp)]
    "||"      [вывод с использованием правила 23 (exp)]
    "%"       [вывод с использованием правила 23 (exp)]
    "<"       [вывод с использованием правила 23 (exp)]
    ">"       [вывод с использованием правила 23 (exp)]
    $default  вывод с использованием правила 23 (exp)


Состояние 79

   17 exp: exp . "+" exp
   18    | exp . "-" exp
   19    | exp . "*" exp
   20    | exp . "/" exp
   21    | exp . "&&" exp
   22    | exp . "||" exp
   23    | exp . "<" exp
   24    | exp . ">" exp
   24    | exp ">" exp .  ["-", "+", "*", "/", ")", "==", "&&", "||", "%", "<", ">", ";", "]"]
   25    | exp . "==" exp
   26    | exp . "%" exp

    "-"   сдвиг, и переход в состояние 52
    "+"   сдвиг, и переход в состояние 53
    "*"   сдвиг, и переход в состояние 54
    "/"   сдвиг, и переход в состояние 55
    "=="  сдвиг, и переход в состояние 57
    "&&"  сдвиг, и переход в состояние 58
    "||"  сдвиг, и переход в состояние 59
    "%"   сдвиг, и переход в состояние 60
    "<"   сдвиг, и переход в состояние 61
    ">"   сдвиг, и переход в состояние 62

    "-"       [вывод с использованием правила 24 (exp)]
    "+"       [вывод с использованием правила 24 (exp)]
    "*"       [вывод с использованием правила 24 (exp)]
    "/"       [вывод с использованием правила 24 (exp)]
    "=="      [вывод с использованием правила 24 (exp)]
    "&&"      [вывод с использованием правила 24 (exp)]
    "||"      [вывод с использованием правила 24 (exp)]
    "%"       [вывод с использованием правила 24 (exp)]
    "<"       [вывод с использованием правила 24 (exp)]
    ">"       [вывод с использованием правила 24 (exp)]
    $default  вывод с использованием правила 24 (exp)


Состояние 80

   12 statement: "System.out.println" "(" exp ")" ";" .

    $default  вывод с использованием правила 12 (statement)


Состояние 81

   15 assignment: "identifier" "=" "new" "int" "[" . exp "]"
   17 exp: . exp "+" exp
   18    | . exp "-" exp
   19    | . exp "*" exp
   20    | . exp "/" exp
   21    | . exp "&&" exp
   22    | . exp "||" exp
   23    | . exp "<" exp
   24    | . exp ">" exp
   25    | . exp "==" exp
   26    | . exp "%" exp
   27    | . "identifier" "." "length"
   28    | . "identifier" "[" exp "]"
   29    | . "!" exp
   30    | . "(" exp ")"
   31    | . "number"
   32    | . "identifier"

    "("           сдвиг, и переход в состояние 37
    "identifier"  сдвиг, и переход в состояние 38
    "number"      сдвиг, и переход в состояние 39
    "!"           сдвиг, и переход в состояние 40

    exp  переход в состояние 84


Состояние 82

   16 assignment: "identifier" "[" exp "]" "=" . exp
   17 exp: . exp "+" exp
   18    | . exp "-" exp
   19    | . exp "*" exp
   20    | . exp "/" exp
   21    | . exp "&&" exp
   22    | . exp "||" exp
   23    | . exp "<" exp
   24    | . exp ">" exp
   25    | . exp "==" exp
   26    | . exp "%" exp
   27    | . "identifier" "." "length"
   28    | . "identifier" "[" exp "]"
   29    | . "!" exp
   30    | . "(" exp ")"
   31    | . "number"
   32    | . "identifier"

    "("           сдвиг, и переход в состояние 37
    "identifier"  сдвиг, и переход в состояние 38
    "number"      сдвиг, и переход в состояние 39
    "!"           сдвиг, и переход в состояние 40

    exp  переход в состояние 85


Состояние 83

   28 exp: "identifier" "[" exp "]" .

    $default  вывод с использованием правила 28 (exp)


Состояние 84

   15 assignment: "identifier" "=" "new" "int" "[" exp . "]"
   17 exp: exp . "+" exp
   18    | exp . "-" exp
   19    | exp . "*" exp
   20    | exp . "/" exp
   21    | exp . "&&" exp
   22    | exp . "||" exp
   23    | exp . "<" exp
   24    | exp . ">" exp
   25    | exp . "==" exp
   26    | exp . "%" exp

    "-"   сдвиг, и переход в состояние 52
    "+"   сдвиг, и переход в состояние 53
    "*"   сдвиг, и переход в состояние 54
    "/"   сдвиг, и переход в состояние 55
    "=="  сдвиг, и переход в состояние 57
    "&&"  сдвиг, и переход в состояние 58
    "||"  сдвиг, и переход в состояние 59
    "%"   сдвиг, и переход в состояние 60
    "<"   сдвиг, и переход в состояние 61
    ">"   сдвиг, и переход в состояние 62
    "]"   сдвиг, и переход в состояние 86


Состояние 85

   16 assignment: "identifier" "[" exp "]" "=" exp .  [";"]
   17 exp: exp . "+" exp
   18    | exp . "-" exp
   19    | exp . "*" exp
   20    | exp . "/" exp
   21    | exp . "&&" exp
   22    | exp . "||" exp
   23    | exp . "<" exp
   24    | exp . ">" exp
   25    | exp . "==" exp
   26    | exp . "%" exp

    "-"   сдвиг, и переход в состояние 52
    "+"   сдвиг, и переход в состояние 53
    "*"   сдвиг, и переход в состояние 54
    "/"   сдвиг, и переход в состояние 55
    "=="  сдвиг, и переход в состояние 57
    "&&"  сдвиг, и переход в состояние 58
    "||"  сдвиг, и переход в состояние 59
    "%"   сдвиг, и переход в состояние 60
    "<"   сдвиг, и переход в состояние 61
    ">"   сдвиг, и переход в состояние 62

    $default  вывод с использованием правила 16 (assignment)


Состояние 86

   15 assignment: "identifier" "=" "new" "int" "[" exp "]" .

    $default  вывод с использованием правила 15 (assignment)
